>>> openrazer
gulp; yarn --cwd examples run build 
[20:38:47] Using gulpfile ~/Documents/repos/synesthesia-project/synesthesia/rush/openrazer/gulpfile.js
[20:38:47] Starting 'default'...
[20:38:47] Starting 'clean'...
[20:38:47] Finished 'clean' after 25 ms
[20:38:47] Starting 'ts'...
[20:38:58] Finished 'ts' after 11 s
[20:38:58] Starting 'tslint'...
[20:39:00] Finished 'tslint' after 2.08 s
[20:39:00] Finished 'default' after 13 s
yarn run v1.17.3
$ gulp
[20:39:02] Using gulpfile ~/Documents/repos/synesthesia-project/synesthesia/rush/openrazer/examples/gulpfile.js
[20:39:02] Starting 'default'...
[20:39:02] Starting 'clean'...
[20:39:02] Finished 'clean' after 28 ms
[20:39:02] Starting 'ts'...
[20:39:14] Finished 'ts' after 13 s
[20:39:14] Starting 'tslint'...
[20:39:16] Finished 'tslint' after 2.21 s
[20:39:16] Finished 'default' after 15 s
Done in 16.25s.
